<?xml version="1.0" encoding="UTF-8"?>
<!-- Generated by org.testng.reporters.JUnitXMLReporter -->
<testsuite hostname="DESKTOP-JVOG99D" ignored="0" name="Test1" tests="4" failures="0" timestamp="20 Feb 2019 23:09:13 GMT" time="0.097" errors="0">
  <testcase name="testCase1" time="0.008" classname="mypack.Sample1"/>
  <testcase name="testcase2" time="0.016" classname="mypack.Sample1"/>
  <testcase name="method1" time="0.004" classname="mypack.Sample2"/>
  <testcase name="method2" time="0.004" classname="mypack.Sample2"/>
</testsuite> <!-- Test1 -->
