<?xml version="1.0" encoding="UTF-8"?>
<!-- Generated by org.testng.reporters.JUnitXMLReporter -->
<testsuite hostname="DESKTOP-JVOG99D" name="Test5" tests="1" failures="1" timestamp="10 Dec 2018 16:26:40 GMT" time="11.959" errors="0">
  <testcase name="dologin" time="6.069" classname="mypack.Sample3">
    <failure type="java.lang.AssertionError" message="expected [true] but found [false]">
      <![CDATA[java.lang.AssertionError: expected [true] but found [false]
	at mypack.Sample3.dologin(Sample3.java:94)
... Removed 27 stack frames]]>
    </failure>
  </testcase> <!-- dologin -->
</testsuite> <!-- Test5 -->
