<?xml version="1.0" encoding="UTF-8"?>
<!-- Generated by org.testng.reporters.JUnitXMLReporter -->
<testsuite hostname="DESKTOP-JVOG99D" ignored="0" name="W2SMS login test with excel data" tests="6" failures="1" timestamp="10 Dec 2018 05:12:09 GMT" time="540.494" errors="0">
  <testcase name="dologin" time="5.47" classname="mypack.Sample5">
    <failure type="java.lang.AssertionError" message="expected [true] but found [false]">
      <![CDATA[java.lang.AssertionError: expected [true] but found [false]
at mypack.Sample5.dologin(Sample5.java:128)
... Removed 29 stack frames]]>
    </failure>
  </testcase> <!-- dologin -->
  <testcase name="dologin" time="7.584" classname="mypack.Sample5"/>
  <testcase name="dologin" time="10.462" classname="mypack.Sample5"/>
  <testcase name="dologin" time="5.548" classname="mypack.Sample5"/>
  <testcase name="dologin" time="5.823" classname="mypack.Sample5"/>
  <testcase name="dologin" time="67.398" classname="mypack.Sample5"/>
</testsuite> <!-- W2SMS login test with excel data -->
