<?xml version="1.0" encoding="UTF-8"?>
<!-- Generated by org.testng.reporters.JUnitXMLReporter -->
<testsuite hostname="DESKTOP-JVOG99D" ignored="0" name="W2SMS login test with excel data" tests="6" failures="0" timestamp="18 Feb 2019 15:01:08 GMT" time="70.039" errors="0">
  <testcase name="dologin" time="5.514" classname="mypack.Sample5"/>
  <testcase name="dologin" time="5.587" classname="mypack.Sample5"/>
  <testcase name="dologin" time="5.451" classname="mypack.Sample5"/>
  <testcase name="dologin" time="5.635" classname="mypack.Sample5"/>
  <testcase name="dologin" time="5.573" classname="mypack.Sample5"/>
  <testcase name="dologin" time="5.535" classname="mypack.Sample5"/>
</testsuite> <!-- W2SMS login test with excel data -->
