<?xml version="1.0" encoding="UTF-8"?>
<!-- Generated by org.testng.reporters.JUnitXMLReporter -->
<testsuite hostname="DESKTOP-JVOG99D" ignored="0" name="W@SMS Login test" tests="5" failures="0" timestamp="07 Feb 2019 17:24:10 GMT" time="58.696" errors="0">
  <testcase name="dologin" time="5.607" classname="mypack.Sample4"/>
  <testcase name="dologin" time="5.572" classname="mypack.Sample4"/>
  <testcase name="dologin" time="5.571" classname="mypack.Sample4"/>
  <testcase name="dologin" time="5.523" classname="mypack.Sample4"/>
  <testcase name="dologin" time="5.592" classname="mypack.Sample4"/>
</testsuite> <!-- W@SMS Login test -->
