<?xml version="1.0" encoding="UTF-8"?>
<testng-results skipped="0" failed="0" ignored="0" total="5" passed="5">
  <reporter-output>
    <line>
      <![CDATA[6. Valid data test passed]]>
    </line>
    <line>
      <![CDATA[1.Blank Mobile number test passed]]>
    </line>
    <line>
      <![CDATA[2.Wrong size mobile number test passed]]>
    </line>
    <line>
      <![CDATA[3.Blank password test passed]]>
    </line>
    <line>
      <![CDATA[5.Invalid pws test passed]]>
    </line>
  </reporter-output>
  <suite name="Suite" duration-ms="58696" started-at="2019-02-07T17:23:11Z" finished-at="2019-02-07T17:24:10Z">
    <groups>
    </groups>
    <test name="W@SMS Login test" duration-ms="58696" started-at="2019-02-07T17:23:11Z" finished-at="2019-02-07T17:24:10Z">
      <class name="mypack.Sample4">
        <test-method status="PASS" signature="lanch()[pri:0, instance:mypack.Sample4@2a5ca609]" name="lanch" is-config="true" duration-ms="7218" started-at="2019-02-07T17:23:11Z" finished-at="2019-02-07T17:23:19Z">
          <reporter-output>
          </reporter-output>
        </test-method> <!-- lanch -->
        <test-method status="PASS" signature="dologin(java.lang.String, java.lang.String, java.lang.String, java.lang.String)[pri:0, instance:mypack.Sample4@2a5ca609]" name="dologin" duration-ms="5607" started-at="2019-02-07T17:23:19Z" data-provider="testdata" finished-at="2019-02-07T17:23:24Z">
          <params>
            <param index="0">
              <value>
                <![CDATA[9986983216]]>
              </value>
            </param>
            <param index="1">
              <value>
                <![CDATA[valid]]>
              </value>
            </param>
            <param index="2">
              <value>
                <![CDATA[babu1234]]>
              </value>
            </param>
            <param index="3">
              <value>
                <![CDATA[valid]]>
              </value>
            </param>
          </params>
          <reporter-output>
            <line>
              <![CDATA[6. Valid data test passed]]>
            </line>
          </reporter-output>
        </test-method> <!-- dologin -->
        <test-method status="PASS" signature="closesite()[pri:0, instance:mypack.Sample4@2a5ca609]" name="closesite" is-config="true" duration-ms="736" started-at="2019-02-07T17:23:24Z" finished-at="2019-02-07T17:23:25Z">
          <reporter-output>
          </reporter-output>
        </test-method> <!-- closesite -->
        <test-method status="PASS" signature="lanch()[pri:0, instance:mypack.Sample4@2a5ca609]" name="lanch" is-config="true" duration-ms="5202" started-at="2019-02-07T17:23:25Z" finished-at="2019-02-07T17:23:30Z">
          <reporter-output>
          </reporter-output>
        </test-method> <!-- lanch -->
        <test-method status="PASS" signature="dologin(java.lang.String, java.lang.String, java.lang.String, java.lang.String)[pri:0, instance:mypack.Sample4@2a5ca609]" name="dologin" duration-ms="5572" started-at="2019-02-07T17:23:30Z" data-provider="testdata" finished-at="2019-02-07T17:23:36Z">
          <params>
            <param index="0">
              <value>
                <![CDATA[]]>
              </value>
            </param>
            <param index="1">
              <value>
                <![CDATA[invalid]]>
              </value>
            </param>
            <param index="2">
              <value>
                <![CDATA[babu1234]]>
              </value>
            </param>
            <param index="3">
              <value>
                <![CDATA[valid]]>
              </value>
            </param>
          </params>
          <reporter-output>
            <line>
              <![CDATA[1.Blank Mobile number test passed]]>
            </line>
          </reporter-output>
        </test-method> <!-- dologin -->
        <test-method status="PASS" signature="closesite()[pri:0, instance:mypack.Sample4@2a5ca609]" name="closesite" is-config="true" duration-ms="654" started-at="2019-02-07T17:23:36Z" finished-at="2019-02-07T17:23:36Z">
          <reporter-output>
          </reporter-output>
        </test-method> <!-- closesite -->
        <test-method status="PASS" signature="lanch()[pri:0, instance:mypack.Sample4@2a5ca609]" name="lanch" is-config="true" duration-ms="5003" started-at="2019-02-07T17:23:36Z" finished-at="2019-02-07T17:23:41Z">
          <reporter-output>
          </reporter-output>
        </test-method> <!-- lanch -->
        <test-method status="PASS" signature="dologin(java.lang.String, java.lang.String, java.lang.String, java.lang.String)[pri:0, instance:mypack.Sample4@2a5ca609]" name="dologin" duration-ms="5571" started-at="2019-02-07T17:23:41Z" data-provider="testdata" finished-at="2019-02-07T17:23:47Z">
          <params>
            <param index="0">
              <value>
                <![CDATA[9986]]>
              </value>
            </param>
            <param index="1">
              <value>
                <![CDATA[invalid]]>
              </value>
            </param>
            <param index="2">
              <value>
                <![CDATA[babu1234]]>
              </value>
            </param>
            <param index="3">
              <value>
                <![CDATA[valid]]>
              </value>
            </param>
          </params>
          <reporter-output>
            <line>
              <![CDATA[2.Wrong size mobile number test passed]]>
            </line>
          </reporter-output>
        </test-method> <!-- dologin -->
        <test-method status="PASS" signature="closesite()[pri:0, instance:mypack.Sample4@2a5ca609]" name="closesite" is-config="true" duration-ms="729" started-at="2019-02-07T17:23:47Z" finished-at="2019-02-07T17:23:48Z">
          <reporter-output>
          </reporter-output>
        </test-method> <!-- closesite -->
        <test-method status="PASS" signature="lanch()[pri:0, instance:mypack.Sample4@2a5ca609]" name="lanch" is-config="true" duration-ms="4910" started-at="2019-02-07T17:23:48Z" finished-at="2019-02-07T17:23:53Z">
          <reporter-output>
          </reporter-output>
        </test-method> <!-- lanch -->
        <test-method status="PASS" signature="dologin(java.lang.String, java.lang.String, java.lang.String, java.lang.String)[pri:0, instance:mypack.Sample4@2a5ca609]" name="dologin" duration-ms="5523" started-at="2019-02-07T17:23:53Z" data-provider="testdata" finished-at="2019-02-07T17:23:58Z">
          <params>
            <param index="0">
              <value>
                <![CDATA[9986983216]]>
              </value>
            </param>
            <param index="1">
              <value>
                <![CDATA[valid]]>
              </value>
            </param>
            <param index="2">
              <value>
                <![CDATA[]]>
              </value>
            </param>
            <param index="3">
              <value>
                <![CDATA[valid]]>
              </value>
            </param>
          </params>
          <reporter-output>
            <line>
              <![CDATA[3.Blank password test passed]]>
            </line>
          </reporter-output>
        </test-method> <!-- dologin -->
        <test-method status="PASS" signature="closesite()[pri:0, instance:mypack.Sample4@2a5ca609]" name="closesite" is-config="true" duration-ms="713" started-at="2019-02-07T17:23:58Z" finished-at="2019-02-07T17:23:59Z">
          <reporter-output>
          </reporter-output>
        </test-method> <!-- closesite -->
        <test-method status="PASS" signature="lanch()[pri:0, instance:mypack.Sample4@2a5ca609]" name="lanch" is-config="true" duration-ms="4824" started-at="2019-02-07T17:23:59Z" finished-at="2019-02-07T17:24:04Z">
          <reporter-output>
          </reporter-output>
        </test-method> <!-- lanch -->
        <test-method status="PASS" signature="dologin(java.lang.String, java.lang.String, java.lang.String, java.lang.String)[pri:0, instance:mypack.Sample4@2a5ca609]" name="dologin" duration-ms="5592" started-at="2019-02-07T17:24:04Z" data-provider="testdata" finished-at="2019-02-07T17:24:09Z">
          <params>
            <param index="0">
              <value>
                <![CDATA[9986983216]]>
              </value>
            </param>
            <param index="1">
              <value>
                <![CDATA[valid]]>
              </value>
            </param>
            <param index="2">
              <value>
                <![CDATA[xxxx]]>
              </value>
            </param>
            <param index="3">
              <value>
                <![CDATA[invalid]]>
              </value>
            </param>
          </params>
          <reporter-output>
            <line>
              <![CDATA[5.Invalid pws test passed]]>
            </line>
          </reporter-output>
        </test-method> <!-- dologin -->
        <test-method status="PASS" signature="closesite()[pri:0, instance:mypack.Sample4@2a5ca609]" name="closesite" is-config="true" duration-ms="751" started-at="2019-02-07T17:24:09Z" finished-at="2019-02-07T17:24:10Z">
          <reporter-output>
          </reporter-output>
        </test-method> <!-- closesite -->
      </class> <!-- mypack.Sample4 -->
    </test> <!-- W@SMS Login test -->
  </suite> <!-- Suite -->
</testng-results>
