<?xml version="1.0" encoding="UTF-8"?>
<testng-results skipped="0" failed="0" ignored="0" total="1" passed="1">
  <reporter-output>
  </reporter-output>
  <suite name="Default suite" duration-ms="703" started-at="2019-02-20T23:48:56Z" finished-at="2019-02-20T23:48:57Z">
    <groups>
    </groups>
    <test name="Default test" duration-ms="703" started-at="2019-02-20T23:48:56Z" finished-at="2019-02-20T23:48:57Z">
      <class name="mypack.Add">
        <test-method status="PASS" signature="add()[pri:0, instance:mypack.Add@51efea79]" name="add" duration-ms="643" started-at="2019-02-20T23:48:57Z" finished-at="2019-02-20T23:48:57Z">
          <reporter-output>
          </reporter-output>
        </test-method> <!-- add -->
      </class> <!-- mypack.Add -->
    </test> <!-- Default test -->
  </suite> <!-- Default suite -->
</testng-results>
